<?xml version="1.0" encoding="UTF-8"?>
<!-- Generated by org.testng.reporters.JUnitReportReporter -->
<testsuite skipped="0" hostname="WIN-K5I9T8F605J" name="SocialMedia.DemoMaveProject.FaceBookTest" tests="1" failures="0" timestamp="2020-06-13T10:12:23 EDT" time="19.088" errors="0">
  <testcase name="SignUp" time="19.088" classname="SocialMedia.DemoMaveProject.FaceBookTest"/>
  <system-out/>
</testsuite> <!-- SocialMedia.DemoMaveProject.FaceBookTest -->
