<?xml version="1.0" encoding="UTF-8"?>
<!-- Generated by org.testng.reporters.JUnitReportReporter -->
<testsuite skipped="0" hostname="WIN-K5I9T8F605J" name="SocialMedia.DemoMaveProject.FaceBookTest" tests="1" failures="0" timestamp="2020-06-14T00:25:52 EDT" time="28.669" errors="0">
  <testcase name="SignUpTest" time="28.669" classname="SocialMedia.DemoMaveProject.FaceBookTest"/>
  <system-out/>
</testsuite> <!-- SocialMedia.DemoMaveProject.FaceBookTest -->
